  codec.cpp
libavcodec.lib(libx264.o) : warning LNK4049: locally defined symbol x264_levels imported
libavcodec.lib(libx264.o) : warning LNK4049: locally defined symbol x264_bit_depth imported
libx264.lib(mc.o) : warning LNK4099: PDB 'vc140.pdb' was not found with 'libx264.lib(mc.o)' or at 'C:\git\shar\build\bin\vc140.pdb'; linking object as if no debug info
libx264.lib(predict.o) : warning LNK4099: PDB 'vc140.pdb' was not found with 'libx264.lib(predict.o)' or at 'C:\git\shar\build\bin\vc140.pdb'; linking object as if no debug info
libx264.lib(pixel.o) : warning LNK4099: PDB 'vc140.pdb' was not found with 'libx264.lib(pixel.o)' or at 'C:\git\shar\build\bin\vc140.pdb'; linking object as if no debug info
libx264.lib(macroblock.o) : warning LNK4099: PDB 'vc140.pdb' was not found with 'libx264.lib(macroblock.o)' or at 'C:\git\shar\build\bin\vc140.pdb'; linking object as if no debug info
libx264.lib(frame.o) : warning LNK4099: PDB 'vc140.pdb' was not found with 'libx264.lib(frame.o)' or at 'C:\git\shar\build\bin\vc140.pdb'; linking object as if no debug info
libx264.lib(dct.o) : warning LNK4099: PDB 'vc140.pdb' was not found with 'libx264.lib(dct.o)' or at 'C:\git\shar\build\bin\vc140.pdb'; linking object as if no debug info
libx264.lib(cpu.o) : warning LNK4099: PDB 'vc140.pdb' was not found with 'libx264.lib(cpu.o)' or at 'C:\git\shar\build\bin\vc140.pdb'; linking object as if no debug info
libx264.lib(cabac.o) : warning LNK4099: PDB 'vc140.pdb' was not found with 'libx264.lib(cabac.o)' or at 'C:\git\shar\build\bin\vc140.pdb'; linking object as if no debug info
libx264.lib(common.o) : warning LNK4099: PDB 'vc140.pdb' was not found with 'libx264.lib(common.o)' or at 'C:\git\shar\build\bin\vc140.pdb'; linking object as if no debug info
libx264.lib(osdep.o) : warning LNK4099: PDB 'vc140.pdb' was not found with 'libx264.lib(osdep.o)' or at 'C:\git\shar\build\bin\vc140.pdb'; linking object as if no debug info
libx264.lib(rectangle.o) : warning LNK4099: PDB 'vc140.pdb' was not found with 'libx264.lib(rectangle.o)' or at 'C:\git\shar\build\bin\vc140.pdb'; linking object as if no debug info
libx264.lib(set.o) : warning LNK4099: PDB 'vc140.pdb' was not found with 'libx264.lib(set.o)' or at 'C:\git\shar\build\bin\vc140.pdb'; linking object as if no debug info
libx264.lib(quant.o) : warning LNK4099: PDB 'vc140.pdb' was not found with 'libx264.lib(quant.o)' or at 'C:\git\shar\build\bin\vc140.pdb'; linking object as if no debug info
libx264.lib(deblock.o) : warning LNK4099: PDB 'vc140.pdb' was not found with 'libx264.lib(deblock.o)' or at 'C:\git\shar\build\bin\vc140.pdb'; linking object as if no debug info
libx264.lib(vlc.o) : warning LNK4099: PDB 'vc140.pdb' was not found with 'libx264.lib(vlc.o)' or at 'C:\git\shar\build\bin\vc140.pdb'; linking object as if no debug info
libx264.lib(mvpred.o) : warning LNK4099: PDB 'vc140.pdb' was not found with 'libx264.lib(mvpred.o)' or at 'C:\git\shar\build\bin\vc140.pdb'; linking object as if no debug info
libx264.lib(bitstream.o) : warning LNK4099: PDB 'vc140.pdb' was not found with 'libx264.lib(bitstream.o)' or at 'C:\git\shar\build\bin\vc140.pdb'; linking object as if no debug info
libx264.lib(analyse.o) : warning LNK4099: PDB 'vc140.pdb' was not found with 'libx264.lib(analyse.o)' or at 'C:\git\shar\build\bin\vc140.pdb'; linking object as if no debug info
libx264.lib(me.o) : warning LNK4099: PDB 'vc140.pdb' was not found with 'libx264.lib(me.o)' or at 'C:\git\shar\build\bin\vc140.pdb'; linking object as if no debug info
libx264.lib(ratecontrol.o) : warning LNK4099: PDB 'vc140.pdb' was not found with 'libx264.lib(ratecontrol.o)' or at 'C:\git\shar\build\bin\vc140.pdb'; linking object as if no debug info
libx264.lib(set.o) : warning LNK4099: PDB 'vc140.pdb' was not found with 'libx264.lib(set.o)' or at 'C:\git\shar\build\bin\vc140.pdb'; linking object as if no debug info
libx264.lib(macroblock.o) : warning LNK4099: PDB 'vc140.pdb' was not found with 'libx264.lib(macroblock.o)' or at 'C:\git\shar\build\bin\vc140.pdb'; linking object as if no debug info
libx264.lib(cabac.o) : warning LNK4099: PDB 'vc140.pdb' was not found with 'libx264.lib(cabac.o)' or at 'C:\git\shar\build\bin\vc140.pdb'; linking object as if no debug info
libx264.lib(cavlc.o) : warning LNK4099: PDB 'vc140.pdb' was not found with 'libx264.lib(cavlc.o)' or at 'C:\git\shar\build\bin\vc140.pdb'; linking object as if no debug info
libx264.lib(encoder.o) : warning LNK4099: PDB 'vc140.pdb' was not found with 'libx264.lib(encoder.o)' or at 'C:\git\shar\build\bin\vc140.pdb'; linking object as if no debug info
libx264.lib(lookahead.o) : warning LNK4099: PDB 'vc140.pdb' was not found with 'libx264.lib(lookahead.o)' or at 'C:\git\shar\build\bin\vc140.pdb'; linking object as if no debug info
libx264.lib(threadpool.o) : warning LNK4099: PDB 'vc140.pdb' was not found with 'libx264.lib(threadpool.o)' or at 'C:\git\shar\build\bin\vc140.pdb'; linking object as if no debug info
libx264.lib(win32thread.o) : warning LNK4099: PDB 'vc140.pdb' was not found with 'libx264.lib(win32thread.o)' or at 'C:\git\shar\build\bin\vc140.pdb'; linking object as if no debug info
libx264.lib(mc-c.o) : warning LNK4099: PDB 'vc140.pdb' was not found with 'libx264.lib(mc-c.o)' or at 'C:\git\shar\build\bin\vc140.pdb'; linking object as if no debug info
libx264.lib(predict-c.o) : warning LNK4099: PDB 'vc140.pdb' was not found with 'libx264.lib(predict-c.o)' or at 'C:\git\shar\build\bin\vc140.pdb'; linking object as if no debug info
libx264.lib(opencl.o) : warning LNK4099: PDB 'vc140.pdb' was not found with 'libx264.lib(opencl.o)' or at 'C:\git\shar\build\bin\vc140.pdb'; linking object as if no debug info
libx264.lib(slicetype-cl.o) : warning LNK4099: PDB 'vc140.pdb' was not found with 'libx264.lib(slicetype-cl.o)' or at 'C:\git\shar\build\bin\vc140.pdb'; linking object as if no debug info
fmt.lib(format.obj) : warning LNK4099: PDB 'fmt.pdb' was not found with 'fmt.lib(format.obj)' or at 'C:\git\shar\build\bin\fmt.pdb'; linking object as if no debug info
  shar.vcxproj -> C:\git\shar\build\bin\shar.exe
